<?xml version="1.0" encoding="UTF-8"?>
<!-- Generated by org.testng.reporters.JUnitReportReporter -->
<testsuite hostname="DESKTOP-H830QQ0" failures="0" tests="5" name="vrr.mvntestngitjenkins.tests.Practice1Test" time="22.414" errors="0" timestamp="2022-06-22T12:45:53 CDT" skipped="0">
  <testcase classname="vrr.mvntestngitjenkins.tests.Practice1Test" name="clickRB" time="6.964"/>
  <system-out/>
  <testcase classname="vrr.mvntestngitjenkins.tests.Practice1Test" name="selectFromDropdown" time="6.334"/>
  <system-out/>
  <testcase classname="vrr.mvntestngitjenkins.tests.Practice1Test" name="multiSelectExample" time="1.035"/>
  <system-out/>
  <testcase classname="vrr.mvntestngitjenkins.tests.Practice1Test" name="checkBoxExample" time="0.996"/>
  <system-out/>
  <testcase classname="vrr.mvntestngitjenkins.tests.Practice1Test" name="loginExample" time="7.085"/>
  <system-out/>
</testsuite> <!-- vrr.mvntestngitjenkins.tests.Practice1Test -->
