<?xml version="1.0" encoding="UTF-8"?>
<!-- Generated by org.testng.reporters.JUnitReportReporter -->
<testsuite hostname="DESKTOP-H830QQ0" failures="0" tests="5" name="vrr.mvntestngitjenkins.tests.NewTest" time="12.296" errors="0" timestamp="2022-06-22T12:45:53 CDT" skipped="0">
  <testcase classname="vrr.mvntestngitjenkins.tests.NewTest" name="fifthTest" time="0.794"/>
  <system-out/>
  <testcase classname="vrr.mvntestngitjenkins.tests.NewTest" name="homePageTest" time="7.020"/>
  <system-out/>
  <testcase classname="vrr.mvntestngitjenkins.tests.NewTest" name="thirdTest" time="0.678"/>
  <system-out/>
  <testcase classname="vrr.mvntestngitjenkins.tests.NewTest" name="fourthTest" time="0.667"/>
  <system-out/>
  <testcase classname="vrr.mvntestngitjenkins.tests.NewTest" name="secondTest" time="3.137"/>
  <system-out/>
</testsuite> <!-- vrr.mvntestngitjenkins.tests.NewTest -->
