<?xml version="1.0" encoding="UTF-8"?>
<!-- Generated by org.testng.reporters.JUnitReportReporter -->
<testsuite hostname="DESKTOP-H830QQ0" failures="0" tests="5" name="vrr.mvntestngitjenkins.tests.NewTest" time="18.741" errors="0" timestamp="2022-06-22T12:47:15 CDT" skipped="0">
  <testcase classname="vrr.mvntestngitjenkins.tests.NewTest" name="fifthTest" time="2.549"/>
  <system-out/>
  <testcase classname="vrr.mvntestngitjenkins.tests.NewTest" name="homePageTest" time="14.032"/>
  <system-out/>
  <testcase classname="vrr.mvntestngitjenkins.tests.NewTest" name="secondTest" time="0.787"/>
  <system-out/>
  <testcase classname="vrr.mvntestngitjenkins.tests.NewTest" name="thirdTest" time="0.724"/>
  <system-out/>
  <testcase classname="vrr.mvntestngitjenkins.tests.NewTest" name="fourthTest" time="0.649"/>
  <system-out/>
</testsuite> <!-- vrr.mvntestngitjenkins.tests.NewTest -->
