<?xml version="1.0" encoding="UTF-8"?>
<!-- Generated by org.testng.reporters.JUnitReportReporter -->
<testsuite hostname="DESKTOP-H830QQ0" failures="0" tests="5" name="vrr.mvntestngitjenkins.tests.Practice1Test" time="26.481" errors="0" timestamp="2022-06-22T12:47:15 CDT" skipped="0">
  <testcase classname="vrr.mvntestngitjenkins.tests.Practice1Test" name="clickRB" time="7.183"/>
  <system-out/>
  <testcase classname="vrr.mvntestngitjenkins.tests.Practice1Test" name="selectFromDropdown" time="5.167"/>
  <system-out/>
  <testcase classname="vrr.mvntestngitjenkins.tests.Practice1Test" name="multiSelectExample" time="0.970"/>
  <system-out/>
  <testcase classname="vrr.mvntestngitjenkins.tests.Practice1Test" name="checkBoxExample" time="6.464"/>
  <system-out/>
  <testcase classname="vrr.mvntestngitjenkins.tests.Practice1Test" name="loginExample" time="6.697"/>
  <system-out/>
</testsuite> <!-- vrr.mvntestngitjenkins.tests.Practice1Test -->
